<?xml version="1.0" encoding="UTF-8"?>
<testsuite name="com.fisagrp.example.railway_track_management.services.impl.RailWayServiceImplTest" tests="1" skipped="0" failures="0" errors="0" timestamp="2024-05-07T17:20:06" hostname="LAPTOP-U63AC1LT" time="0.039">
  <properties/>
  <testcase name="testManageRoads()" classname="com.fisagrp.example.railway_track_management.services.impl.RailWayServiceImplTest" time="0.039"/>
  <system-out><![CDATA[]]></system-out>
  <system-err><![CDATA[]]></system-err>
</testsuite>
