<?xml version="1.0" encoding="UTF-8"?>
<testsuite name="com.fisagrp.example.railway_track_management.helpers.GraphAlgorithmsHelperTest" tests="5" skipped="0" failures="0" errors="0" timestamp="2024-05-07T17:20:06" hostname="LAPTOP-U63AC1LT" time="0.018">
  <properties/>
  <testcase name="shortestRouteDistance()" classname="com.fisagrp.example.railway_track_management.helpers.GraphAlgorithmsHelperTest" time="0.009"/>
  <testcase name="countRoutesWithMaxDistance()" classname="com.fisagrp.example.railway_track_management.helpers.GraphAlgorithmsHelperTest" time="0.001"/>
  <testcase name="countRoutesWithMaxStops()" classname="com.fisagrp.example.railway_track_management.helpers.GraphAlgorithmsHelperTest" time="0.0"/>
  <testcase name="calculateDistanceRoute()" classname="com.fisagrp.example.railway_track_management.helpers.GraphAlgorithmsHelperTest" time="0.003"/>
  <testcase name="countRoutesWithExactStops()" classname="com.fisagrp.example.railway_track_management.helpers.GraphAlgorithmsHelperTest" time="0.001"/>
  <system-out><![CDATA[]]></system-out>
  <system-err><![CDATA[]]></system-err>
</testsuite>
